In file included from [01m[K/home/alessio/RobotProgrammingProject/project_workspace/src/nodes_package/src/sender.cpp:9[m[K:
[01m[K/home/alessio/RobotProgrammingProject/project_workspace/src/nodes_package/src/Robot_arm.cpp:[m[K In member function â€˜[01m[KEigen::Vector3d Robot3R::newtonMethod(Eigen::Vector3d, Eigen::Vector3d)[m[Kâ€™:
[01m[K/home/alessio/RobotProgrammingProject/project_workspace/src/nodes_package/src/Robot_arm.cpp:54:39:[m[K [01;31m[Kerror: [m[Kâ€˜[01m[Kqstart[m[Kâ€™ was not declared in this scope; did you mean â€˜[01m[Kqsort[m[Kâ€™?
   54 |     Matrix<double, 3, 3> j = jacobian([01;31m[Kqstart[m[K);
      |                                       [01;31m[K^~~~~~[m[K
      |                                       [32m[Kqsort[m[K
make[2]: *** [CMakeFiles/sender.dir/build.make:63: CMakeFiles/sender.dir/src/sender.cpp.o] Error 1
make[1]: *** [CMakeFiles/Makefile2:165: CMakeFiles/sender.dir/all] Error 2
make: *** [Makefile:141: all] Error 2
