[01m[K/home/alessio/RobotProgrammingProject/project_workspace/src/nodes_package/src/sender.cpp:[m[K In function â€˜[01m[Kint main(int, char**)[m[Kâ€™:
[01m[K/home/alessio/RobotProgrammingProject/project_workspace/src/nodes_package/src/sender.cpp:199:4:[m[K [01;31m[Kerror: [m[Kâ€˜[01m[Korigin_[m[Kâ€™ was not declared in this scope; did you mean â€˜[01m[Korigin[m[Kâ€™?
  199 |    [01;31m[Korigin_[m[K << 0,0,2;
      |    [01;31m[K^~~~~~~[m[K
      |    [32m[Korigin[m[K
make[2]: *** [CMakeFiles/sender.dir/build.make:63: CMakeFiles/sender.dir/src/sender.cpp.o] Error 1
make[1]: *** [CMakeFiles/Makefile2:165: CMakeFiles/sender.dir/all] Error 2
make: *** [Makefile:141: all] Error 2
