[01m[K/home/alessio/RobotProgrammingProject/project_workspace/src/nodes_package/src/sender.cpp:[m[K In function â€˜[01m[Kint main(int, char**)[m[Kâ€™:
[01m[K/home/alessio/RobotProgrammingProject/project_workspace/src/nodes_package/src/sender.cpp:207:14:[m[K [01;31m[Kerror: [m[Kâ€˜[01m[Kclass Robot_arm[m[Kâ€™ has no member named â€˜[01m[Kl1[m[Kâ€™; did you mean â€˜[01m[Kl2[m[Kâ€™?
  207 |    cout << r.[01;31m[Kl1[m[K << endl;
      |              [01;31m[K^~[m[K
      |              [32m[Kl2[m[K
make[2]: *** [CMakeFiles/sender.dir/build.make:63: CMakeFiles/sender.dir/src/sender.cpp.o] Error 1
make[1]: *** [CMakeFiles/Makefile2:165: CMakeFiles/sender.dir/all] Error 2
make: *** [Makefile:141: all] Error 2
