[01m[K/home/alessio/RobotProgrammingProject/project_workspace/src/nodes_package/src/sender.cpp:[m[K In function â€˜[01m[Kbool checkWorkspace(double*)[m[Kâ€™:
[01m[K/home/alessio/RobotProgrammingProject/project_workspace/src/nodes_package/src/sender.cpp:14:28:[m[K [01;31m[Kerror: [m[Kinvalid operands of types â€˜[01m[Kdouble[m[Kâ€™ and â€˜[01m[Kdouble[m[Kâ€™ to binary â€˜[01m[Koperator^[m[Kâ€™
   14 |   if(([32m[K(coords[0]-origin[0])[m[K[01;31m[K^[m[K[34m[K2+(coords[1]-origin[1])[m[K^2+(coords[2]-origin[2])^2)<=radius^2)
      |       [32m[K~~~~~~~~~~~~~~~~~~~~~[m[K[01;31m[K^[m[K[34m[K~~~~~~~~~~~~~~~~~~~~~~~[m[K
      |                 [32m[K|[m[K            [34m[K|[m[K
      |                 [32m[Kdouble[m[K       [34m[Kdouble[m[K
[01m[K/home/alessio/RobotProgrammingProject/project_workspace/src/nodes_package/src/sender.cpp:16:5:[m[K [01;31m[Kerror: [m[Kâ€˜[01m[Kres[m[Kâ€™ was not declared in this scope; did you mean â€˜[01m[Kros[m[Kâ€™?
   16 |     [01;31m[Kres[m[K = true;
      |     [01;31m[K^~~[m[K
      |     [32m[Kros[m[K
[01m[K/home/alessio/RobotProgrammingProject/project_workspace/src/nodes_package/src/sender.cpp:18:5:[m[K [01;31m[Kerror: [m[Kâ€˜[01m[Kres[m[Kâ€™ was not declared in this scope; did you mean â€˜[01m[Kros[m[Kâ€™?
   18 |     [01;31m[Kres[m[K = false;
      |     [01;31m[K^~~[m[K
      |     [32m[Kros[m[K
[01m[K/home/alessio/RobotProgrammingProject/project_workspace/src/nodes_package/src/sender.cpp:20:10:[m[K [01;31m[Kerror: [m[Kâ€˜[01m[Kres[m[Kâ€™ was not declared in this scope; did you mean â€˜[01m[Kros[m[Kâ€™?
   20 |   return [01;31m[Kres[m[K;
      |          [01;31m[K^~~[m[K
      |          [32m[Kros[m[K
make[2]: *** [CMakeFiles/sender.dir/build.make:63: CMakeFiles/sender.dir/src/sender.cpp.o] Error 1
make[1]: *** [CMakeFiles/Makefile2:167: CMakeFiles/sender.dir/all] Error 2
make: *** [Makefile:141: all] Error 2
