In file included from [01m[K/home/alessio/RobotProgrammingProject/project_workspace/src/nodes_package/src/sender.cpp:9[m[K:
[01m[K/home/alessio/RobotProgrammingProject/project_workspace/src/nodes_package/src/Robot_arm.cpp:39:3:[m[K [01;31m[Kerror: [m[Kâ€˜[01m[KVector2d[m[Kâ€™ does not name a type
   39 |   [01;31m[KVector2d[m[K solveSystem(double cosq3,double q3, double q1, double px, double py, double pz){
      |   [01;31m[K^~~~~~~~[m[K
In file included from [01m[K/home/alessio/RobotProgrammingProject/project_workspace/src/nodes_package/src/sender.cpp:9[m[K:
[01m[K/home/alessio/RobotProgrammingProject/project_workspace/src/nodes_package/src/Robot_arm.cpp:49:52:[m[K [01;31m[Kerror: [m[Kâ€˜[01m[KMatrix[m[Kâ€™ has not been declared
   49 |   bool analyticalInverseKinematics(double coords[],[01;31m[KMatrix[m[K<double, 4, 3> &qsolutions){
      |                                                    [01;31m[K^~~~~~[m[K
[01m[K/home/alessio/RobotProgrammingProject/project_workspace/src/nodes_package/src/Robot_arm.cpp:49:58:[m[K [01;31m[Kerror: [m[Kexpected â€˜[01m[K,[m[Kâ€™ or â€˜[01m[K...[m[Kâ€™ before â€˜[01m[K<[m[Kâ€™ token
   49 |   bool analyticalInverseKinematics(double coords[],Matrix[01;31m[K<[m[Kdouble, 4, 3> &qsolutions){
      |                                                          [01;31m[K^[m[K
[01m[K/home/alessio/RobotProgrammingProject/project_workspace/src/nodes_package/src/Robot_arm.cpp:[m[K In member function â€˜[01m[Kbool Robot_arm::analyticalInverseKinematics(double*, int)[m[Kâ€™:
[01m[K/home/alessio/RobotProgrammingProject/project_workspace/src/nodes_package/src/Robot_arm.cpp:56:5:[m[K [01;31m[Kerror: [m[Kâ€˜[01m[Kl3[m[Kâ€™ was not declared in this scope; did you mean â€˜[01m[Kl1[m[Kâ€™?
   56 |     [01;31m[Kl3[m[K = this->l3;
      |     [01;31m[K^~[m[K
      |     [32m[Kl1[m[K
[01m[K/home/alessio/RobotProgrammingProject/project_workspace/src/nodes_package/src/Robot_arm.cpp:56:16:[m[K [01;31m[Kerror: [m[Kâ€˜[01m[Kclass Robot_arm[m[Kâ€™ has no member named â€˜[01m[Kl3[m[Kâ€™; did you mean â€˜[01m[Kl1[m[Kâ€™?
   56 |     l3 = this->[01;31m[Kl3[m[K;
      |                [01;31m[K^~[m[K
      |                [32m[Kl1[m[K
[01m[K/home/alessio/RobotProgrammingProject/project_workspace/src/nodes_package/src/Robot_arm.cpp:73:11:[m[K [01;31m[Kerror: [m[Kâ€˜[01m[KVector2d[m[Kâ€™ was not declared in this scope; did you mean â€˜[01m[KEigen::Vector2d[m[Kâ€™?
   73 |           [01;31m[KVector2d[m[K xpp = solveSystem(cosq3,q3pos,q1pos,px,py,pz);
      |           [01;31m[K^~~~~~~~[m[K
      |           [32m[KEigen::Vector2d[m[K
In file included from [01m[K/usr/include/eigen3/Eigen/Core:458[m[K,
                 from [01m[K/usr/include/eigen3/Eigen/Dense:1[m[K,
                 from [01m[K/home/alessio/RobotProgrammingProject/project_workspace/src/nodes_package/src/sender.cpp:8[m[K:
[01m[K/usr/include/eigen3/Eigen/src/Core/Matrix.h:428:34:[m[K [01;36m[Knote: [m[Kâ€˜[01m[KEigen::Vector2d[m[Kâ€™ declared here
  428 | typedef Matrix<Type, Size, 1>    [01;36m[KVector[m[K##SizeSuffix##TypeSuffix;  \
      |                                  [01;36m[K^~~~~~[m[K
[01m[K/usr/include/eigen3/Eigen/src/Core/Matrix.h:428:34:[m[K [01;36m[Knote: [m[Kin definition of macro â€˜[01m[KEIGEN_MAKE_TYPEDEFS[m[Kâ€™
  428 | typedef Matrix<Type, Size, 1>    [01;36m[KVector[m[K##SizeSuffix##TypeSuffix;  \
      |                                  [01;36m[K^~~~~~[m[K
[01m[K/usr/include/eigen3/Eigen/src/Core/Matrix.h:449:1:[m[K [01;36m[Knote: [m[Kin expansion of macro â€˜[01m[KEIGEN_MAKE_TYPEDEFS_ALL_SIZES[m[Kâ€™
  449 | [01;36m[KEIGEN_MAKE_TYPEDEFS_ALL_SIZES[m[K(double,               d)
      | [01;36m[K^~~~~~~~~~~~~~~~~~~~~~~~~~~~~[m[K
In file included from [01m[K/home/alessio/RobotProgrammingProject/project_workspace/src/nodes_package/src/sender.cpp:9[m[K:
[01m[K/home/alessio/RobotProgrammingProject/project_workspace/src/nodes_package/src/Robot_arm.cpp:74:19:[m[K [01;31m[Kerror: [m[Kexpected â€˜[01m[K;[m[Kâ€™ before â€˜[01m[Kxpn[m[Kâ€™
   74 |           Vector2d[01;31m[K [m[K[32m[Kxpn[m[K = solveSystem(cosq3,q3pos,q1neg,px,py,pz);
      |                   [01;31m[K^[m[K[32m[K~~~[m[K
      |                   [32m[K;[m[K
[01m[K/home/alessio/RobotProgrammingProject/project_workspace/src/nodes_package/src/Robot_arm.cpp:75:19:[m[K [01;31m[Kerror: [m[Kexpected â€˜[01m[K;[m[Kâ€™ before â€˜[01m[Kxnp[m[Kâ€™
   75 |           Vector2d[01;31m[K [m[K[32m[Kxnp[m[K = solveSystem(cosq3,q3neg,q1pos,px,py,pz);
      |                   [01;31m[K^[m[K[32m[K~~~[m[K
      |                   [32m[K;[m[K
[01m[K/home/alessio/RobotProgrammingProject/project_workspace/src/nodes_package/src/Robot_arm.cpp:76:19:[m[K [01;31m[Kerror: [m[Kexpected â€˜[01m[K;[m[Kâ€™ before â€˜[01m[Kxnn[m[Kâ€™
   76 |           Vector2d[01;31m[K [m[K[32m[Kxnn[m[K = solveSystem(cosq3,q3neg,q1neg,px,py,pz);
      |                   [01;31m[K^[m[K[32m[K~~~[m[K
      |                   [32m[K;[m[K
[01m[K/home/alessio/RobotProgrammingProject/project_workspace/src/nodes_package/src/Robot_arm.cpp:79:31:[m[K [01;31m[Kerror: [m[Kâ€˜[01m[Kxpp[m[Kâ€™ was not declared in this scope
   79 |           double q2pp = atan2([01;31m[Kxpp[m[K(1),xpp(0));
      |                               [01;31m[K^~~[m[K
[01m[K/home/alessio/RobotProgrammingProject/project_workspace/src/nodes_package/src/Robot_arm.cpp:80:31:[m[K [01;31m[Kerror: [m[Kâ€˜[01m[Kxpn[m[Kâ€™ was not declared in this scope
   80 |           double q2pn = atan2([01;31m[Kxpn[m[K(1),xpn(0));
      |                               [01;31m[K^~~[m[K
[01m[K/home/alessio/RobotProgrammingProject/project_workspace/src/nodes_package/src/Robot_arm.cpp:81:31:[m[K [01;31m[Kerror: [m[Kâ€˜[01m[Kxnp[m[Kâ€™ was not declared in this scope
   81 |           double q2np = atan2([01;31m[Kxnp[m[K(1),xnp(0));
      |                               [01;31m[K^~~[m[K
[01m[K/home/alessio/RobotProgrammingProject/project_workspace/src/nodes_package/src/Robot_arm.cpp:82:31:[m[K [01;31m[Kerror: [m[Kâ€˜[01m[Kxnn[m[Kâ€™ was not declared in this scope
   82 |           double q2nn = atan2([01;31m[Kxnn[m[K(1),xnn(0));
      |                               [01;31m[K^~~[m[K
[01m[K/home/alessio/RobotProgrammingProject/project_workspace/src/nodes_package/src/Robot_arm.cpp:85:11:[m[K [01;31m[Kerror: [m[Kâ€˜[01m[Kqsolutions[m[Kâ€™ was not declared in this scope
   85 |           [01;31m[Kqsolutions[m[K << q1pos,q2pp,q3pos , q1pos,q2pn,q3neg, q1neg,q2np,q3pos, q1neg,q2nn,q3neg;
      |           [01;31m[K^~~~~~~~~~[m[K
[01m[K/home/alessio/RobotProgrammingProject/project_workspace/src/nodes_package/src/sender.cpp:[m[K In function â€˜[01m[Kvoid inverseKinematics(Robot_arm, ros::Publisher, ros::Publisher, ros::Publisher, bool)[m[Kâ€™:
[01m[K/home/alessio/RobotProgrammingProject/project_workspace/src/nodes_package/src/sender.cpp:131:44:[m[K [01;31m[Kerror: [m[Kcannot convert â€˜[01m[KEigen::Matrix<double, 4, 3>[m[Kâ€™ to â€˜[01m[Kint[m[Kâ€™
  131 |       r.analyticalInverseKinematics(coords,[01;31m[Kqsolutions[m[K);
      |                                            [01;31m[K^~~~~~~~~~[m[K
      |                                            [01;31m[K|[m[K
      |                                            [01;31m[KEigen::Matrix<double, 4, 3>[m[K
In file included from [01m[K/home/alessio/RobotProgrammingProject/project_workspace/src/nodes_package/src/sender.cpp:9[m[K:
[01m[K/home/alessio/RobotProgrammingProject/project_workspace/src/nodes_package/src/Robot_arm.cpp:49:52:[m[K [01;36m[Knote: [m[K  initializing argument 2 of â€˜[01m[Kbool Robot_arm::analyticalInverseKinematics(double*, int)[m[Kâ€™
   49 |   bool analyticalInverseKinematics(double coords[],[01;36m[KMatrix[m[K<double, 4, 3> &qsolutions){
      |                                                    [01;36m[K^~~~~~[m[K
make[2]: *** [CMakeFiles/sender.dir/build.make:63: CMakeFiles/sender.dir/src/sender.cpp.o] Error 1
make[1]: *** [CMakeFiles/Makefile2:165: CMakeFiles/sender.dir/all] Error 2
make: *** [Makefile:141: all] Error 2
