[01m[K/home/alessio/RobotProgrammingProject/project_workspace/src/nodes_package/src/sender.cpp:[m[K In function â€˜[01m[Kint main(int, char**)[m[Kâ€™:
[01m[K/home/alessio/RobotProgrammingProject/project_workspace/src/nodes_package/src/sender.cpp:39:44:[m[K [01;31m[Kerror: [m[Kâ€˜[01m[Ks[m[Kâ€™ was not declared in this scope
   39 |     string angle1 = joint_config.substr(0, [01;31m[Ks[m[K.find(" "));
      |                                            [01;31m[K^[m[K
[01m[K/home/alessio/RobotProgrammingProject/project_workspace/src/nodes_package/src/sender.cpp:43:11:[m[K [01;31m[Kerror: [m[Krequest for member â€˜[01m[Kdata[m[Kâ€™ in â€˜[01m[Kangle[m[Kâ€™, which is of non-class type â€˜[01m[Kdouble[m[Kâ€™
   43 |     angle.[01;31m[Kdata[m[K = angleValue;
      |           [01;31m[K^~~~[m[K
[01m[K/home/alessio/RobotProgrammingProject/project_workspace/src/nodes_package/src/sender.cpp:43:18:[m[K [01;31m[Kerror: [m[Kâ€˜[01m[KangleValue[m[Kâ€™ was not declared in this scope
   43 |     angle.data = [01;31m[KangleValue[m[K;
      |                  [01;31m[K^~~~~~~~~~[m[K
In file included from [01m[K/opt/ros/noetic/include/ros/serialization.h:37[m[K,
                 from [01m[K/opt/ros/noetic/include/ros/publisher.h:34[m[K,
                 from [01m[K/opt/ros/noetic/include/ros/node_handle.h:32[m[K,
                 from [01m[K/opt/ros/noetic/include/ros/ros.h:45[m[K,
                 from [01m[K/home/alessio/RobotProgrammingProject/project_workspace/src/nodes_package/src/sender.cpp:1[m[K:
/opt/ros/noetic/include/ros/message_traits.h: In instantiation of â€˜[01m[Kstatic const char* ros::message_traits::MD5Sum<M>::value(const M&) [with M = double][m[Kâ€™:
[01m[K/opt/ros/noetic/include/ros/message_traits.h:254:102:[m[K   required from â€˜[01m[Kconst char* ros::message_traits::md5sum(const M&) [with M = double][m[Kâ€™
[01m[K/opt/ros/noetic/include/ros/publisher.h:117:38:[m[K   required from â€˜[01m[Kvoid ros::Publisher::publish(const M&) const [with M = double][m[Kâ€™
[01m[K/home/alessio/RobotProgrammingProject/project_workspace/src/nodes_package/src/sender.cpp:44:25:[m[K   required from here
[01m[K/opt/ros/noetic/include/ros/message_traits.h:125:14:[m[K [01;31m[Kerror: [m[Krequest for member â€˜[01m[K__getMD5Sum[m[Kâ€™ in â€˜[01m[Km[m[Kâ€™, which is of non-class type â€˜[01m[Kconst double[m[Kâ€™
  125 |     return [01;31m[Km.__getMD5Sum[m[K().c_str();
      |            [01;31m[K~~^~~~~~~~~~~[m[K
/opt/ros/noetic/include/ros/message_traits.h: In instantiation of â€˜[01m[Kstatic const char* ros::message_traits::DataType<M>::value(const M&) [with M = double][m[Kâ€™:
[01m[K/opt/ros/noetic/include/ros/message_traits.h:263:104:[m[K   required from â€˜[01m[Kconst char* ros::message_traits::datatype(const M&) [with M = double][m[Kâ€™
[01m[K/opt/ros/noetic/include/ros/publisher.h:119:11:[m[K   required from â€˜[01m[Kvoid ros::Publisher::publish(const M&) const [with M = double][m[Kâ€™
[01m[K/home/alessio/RobotProgrammingProject/project_workspace/src/nodes_package/src/sender.cpp:44:25:[m[K   required from here
[01m[K/opt/ros/noetic/include/ros/message_traits.h:142:14:[m[K [01;31m[Kerror: [m[Krequest for member â€˜[01m[K__getDataType[m[Kâ€™ in â€˜[01m[Km[m[Kâ€™, which is of non-class type â€˜[01m[Kconst double[m[Kâ€™
  142 |     return [01;31m[Km.__getDataType[m[K().c_str();
      |            [01;31m[K~~^~~~~~~~~~~~~[m[K
make[2]: *** [CMakeFiles/sender.dir/build.make:63: CMakeFiles/sender.dir/src/sender.cpp.o] Error 1
make[1]: *** [CMakeFiles/Makefile2:165: CMakeFiles/sender.dir/all] Error 2
make: *** [Makefile:141: all] Error 2
