[01m[K/home/alessio/RobotProgrammingProject/project_workspace/src/nodes_package/src/sender.cpp:[m[K In function â€˜[01m[Kint main(int, char**)[m[Kâ€™:
[01m[K/home/alessio/RobotProgrammingProject/project_workspace/src/nodes_package/src/sender.cpp:35:29:[m[K [01;31m[Kerror: [m[Kâ€˜[01m[KsplitString[m[Kâ€™ was not declared in this scope
   35 |     vector<string> result = [01;31m[KsplitString[m[K("This is an example", ' ');
      |                             [01;31m[K^~~~~~~~~~~[m[K
make[2]: *** [CMakeFiles/sender.dir/build.make:63: CMakeFiles/sender.dir/src/sender.cpp.o] Error 1
make[1]: *** [CMakeFiles/Makefile2:165: CMakeFiles/sender.dir/all] Error 2
make: *** [Makefile:141: all] Error 2
