In file included from [01m[K/home/alessio/RobotProgrammingProject/project_workspace/src/nodes_package/src/sender.cpp:9[m[K:
[01m[K/home/alessio/RobotProgrammingProject/project_workspace/src/nodes_package/src/Robot_arm.cpp:13:57:[m[K [01;31m[Kerror: [m[Kexpected â€˜[01m[K,[m[Kâ€™ or â€˜[01m[K...[m[Kâ€™ before â€˜[01m[Korigin_[m[Kâ€™
   13 |     Robot_arm(double d_,double l1_,double l2_,double [] [01;31m[Korigin_[m[K){
      |                                                         [01;31m[K^~~~~~~[m[K
[01m[K/home/alessio/RobotProgrammingProject/project_workspace/src/nodes_package/src/Robot_arm.cpp:[m[K In constructor â€˜[01m[KRobot_arm::Robot_arm(double, double, double, double*)[m[Kâ€™:
[01m[K/home/alessio/RobotProgrammingProject/project_workspace/src/nodes_package/src/Robot_arm.cpp:18:19:[m[K [01;31m[Kerror: [m[Kâ€˜[01m[Korigin_[m[Kâ€™ was not declared in this scope; did you mean â€˜[01m[Korigin[m[Kâ€™?
   18 |       origin[0] = [01;31m[Korigin_[m[K[0];
      |                   [01;31m[K^~~~~~~[m[K
      |                   [32m[Korigin[m[K
[01m[K/home/alessio/RobotProgrammingProject/project_workspace/src/nodes_package/src/sender.cpp:[m[K In function â€˜[01m[Kint main(int, char**)[m[Kâ€™:
[01m[K/home/alessio/RobotProgrammingProject/project_workspace/src/nodes_package/src/sender.cpp:200:21:[m[K [01;31m[Kerror: [m[Kno matching function for call to â€˜[01m[KRobot_arm::Robot_arm(int, int, int)[m[Kâ€™
  200 |    Robot_arm r(2,1,1[01;31m[K)[m[K;
      |                     [01;31m[K^[m[K
In file included from [01m[K/home/alessio/RobotProgrammingProject/project_workspace/src/nodes_package/src/sender.cpp:9[m[K:
[01m[K/home/alessio/RobotProgrammingProject/project_workspace/src/nodes_package/src/Robot_arm.cpp:13:5:[m[K [01;36m[Knote: [m[Kcandidate: â€˜[01m[KRobot_arm::Robot_arm(double, double, double, double*)[m[Kâ€™
   13 |     [01;36m[KRobot_arm[m[K(double d_,double l1_,double l2_,double [] origin_){
      |     [01;36m[K^~~~~~~~~[m[K
[01m[K/home/alessio/RobotProgrammingProject/project_workspace/src/nodes_package/src/Robot_arm.cpp:13:5:[m[K [01;36m[Knote: [m[K  candidate expects 4 arguments, 3 provided
[01m[K/home/alessio/RobotProgrammingProject/project_workspace/src/nodes_package/src/Robot_arm.cpp:5:8:[m[K [01;36m[Knote: [m[Kcandidate: â€˜[01m[Kconstexpr Robot_arm::Robot_arm(const Robot_arm&)[m[Kâ€™
    5 |  class [01;36m[KRobot_arm[m[K {
      |        [01;36m[K^~~~~~~~~[m[K
[01m[K/home/alessio/RobotProgrammingProject/project_workspace/src/nodes_package/src/Robot_arm.cpp:5:8:[m[K [01;36m[Knote: [m[K  candidate expects 1 argument, 3 provided
[01m[K/home/alessio/RobotProgrammingProject/project_workspace/src/nodes_package/src/Robot_arm.cpp:5:8:[m[K [01;36m[Knote: [m[Kcandidate: â€˜[01m[Kconstexpr Robot_arm::Robot_arm(Robot_arm&&)[m[Kâ€™
[01m[K/home/alessio/RobotProgrammingProject/project_workspace/src/nodes_package/src/Robot_arm.cpp:5:8:[m[K [01;36m[Knote: [m[K  candidate expects 1 argument, 3 provided
make[2]: *** [CMakeFiles/sender.dir/build.make:63: CMakeFiles/sender.dir/src/sender.cpp.o] Error 1
make[1]: *** [CMakeFiles/Makefile2:165: CMakeFiles/sender.dir/all] Error 2
make: *** [Makefile:141: all] Error 2
