[01m[K/home/alessio/RobotProgrammingProject/project_workspace/src/nodes_package/src/sender.cpp:[m[K In function â€˜[01m[Kbool checkWorkspace(double, double, double)[m[Kâ€™:
[01m[K/home/alessio/RobotProgrammingProject/project_workspace/src/nodes_package/src/sender.cpp:13:3:[m[K [01;31m[Kerror: [m[Kexpected â€˜[01m[K,[m[Kâ€™ or â€˜[01m[K;[m[Kâ€™ before â€˜[01m[Kbool[m[Kâ€™
   13 |   [01;31m[Kbool[m[K res = false;
      |   [01;31m[K^~~~[m[K
[01m[K/home/alessio/RobotProgrammingProject/project_workspace/src/nodes_package/src/sender.cpp:14:10:[m[K [01;31m[Kerror: [m[Kâ€˜[01m[Kres[m[Kâ€™ was not declared in this scope; did you mean â€˜[01m[Kros[m[Kâ€™?
   14 |   return [01;31m[Kres[m[K;
      |          [01;31m[K^~~[m[K
      |          [32m[Kros[m[K
make[2]: *** [CMakeFiles/sender.dir/build.make:63: CMakeFiles/sender.dir/src/sender.cpp.o] Error 1
make[1]: *** [CMakeFiles/Makefile2:167: CMakeFiles/sender.dir/all] Error 2
make: *** [Makefile:141: all] Error 2
