[01m[K/home/alessio/RobotProgrammingProject/project_workspace/src/nodes_package/src/sender.cpp:[m[K In function â€˜[01m[Kvoid directKinematics()[m[Kâ€™:
[01m[K/home/alessio/RobotProgrammingProject/project_workspace/src/nodes_package/src/sender.cpp:108:24:[m[K [01;31m[Kerror: [m[Kâ€˜[01m[Kjoint1[m[Kâ€™ was not declared in this scope
  108 |   publishJointValues(q,[01;31m[Kjoint1[m[K,joint2,joint3);
      |                        [01;31m[K^~~~~~[m[K
[01m[K/home/alessio/RobotProgrammingProject/project_workspace/src/nodes_package/src/sender.cpp:108:31:[m[K [01;31m[Kerror: [m[Kâ€˜[01m[Kjoint2[m[Kâ€™ was not declared in this scope
  108 |   publishJointValues(q,joint1,[01;31m[Kjoint2[m[K,joint3);
      |                               [01;31m[K^~~~~~[m[K
[01m[K/home/alessio/RobotProgrammingProject/project_workspace/src/nodes_package/src/sender.cpp:108:38:[m[K [01;31m[Kerror: [m[Kâ€˜[01m[Kjoint3[m[Kâ€™ was not declared in this scope
  108 |   publishJointValues(q,joint1,joint2,[01;31m[Kjoint3[m[K);
      |                                      [01;31m[K^~~~~~[m[K
make[2]: *** [CMakeFiles/sender.dir/build.make:63: CMakeFiles/sender.dir/src/sender.cpp.o] Error 1
make[1]: *** [CMakeFiles/Makefile2:165: CMakeFiles/sender.dir/all] Error 2
make: *** [Makefile:141: all] Error 2
