In file included from [01m[K/home/alessio/RobotProgrammingProject/project_workspace/src/nodes_package/src/sender.cpp:9[m[K:
[01m[K/home/alessio/RobotProgrammingProject/project_workspace/src/nodes_package/src/Robot_arm.cpp:13:57:[m[K [01;31m[Kerror: [m[Kexpected â€˜[01m[K,[m[Kâ€™ or â€˜[01m[K...[m[Kâ€™ before â€˜[01m[Korigin_[m[Kâ€™
   13 |     Robot_arm(double d_,double l1_,double l2_,double [] [01;31m[Korigin_[m[K){
      |                                                         [01;31m[K^~~~~~~[m[K
[01m[K/home/alessio/RobotProgrammingProject/project_workspace/src/nodes_package/src/Robot_arm.cpp:[m[K In constructor â€˜[01m[KRobot_arm::Robot_arm(double, double, double, double*)[m[Kâ€™:
[01m[K/home/alessio/RobotProgrammingProject/project_workspace/src/nodes_package/src/Robot_arm.cpp:18:19:[m[K [01;31m[Kerror: [m[Kâ€˜[01m[Korigin_[m[Kâ€™ was not declared in this scope; did you mean â€˜[01m[Korigin[m[Kâ€™?
   18 |       origin[0] = [01;31m[Korigin_[m[K[0];
      |                   [01;31m[K^~~~~~~[m[K
      |                   [32m[Korigin[m[K
[01m[K/home/alessio/RobotProgrammingProject/project_workspace/src/nodes_package/src/sender.cpp:[m[K In function â€˜[01m[Kint main(int, char**)[m[Kâ€™:
[01m[K/home/alessio/RobotProgrammingProject/project_workspace/src/nodes_package/src/sender.cpp:200:11:[m[K [01;31m[Kerror: [m[Kscalar object â€˜[01m[Korigin[m[Kâ€™ requires one element in initializer
  200 |    double [01;31m[Korigin[m[K = {0,0,2};
      |           [01;31m[K^~~~~~[m[K
make[2]: *** [CMakeFiles/sender.dir/build.make:63: CMakeFiles/sender.dir/src/sender.cpp.o] Error 1
make[1]: *** [CMakeFiles/Makefile2:165: CMakeFiles/sender.dir/all] Error 2
make: *** [Makefile:141: all] Error 2
