In file included from [01m[K/home/alessio/RobotProgrammingProject/project_workspace/src/nodes_package/src/sender.cpp:9[m[K:
[01m[K/home/alessio/RobotProgrammingProject/project_workspace/src/nodes_package/src/Robot_arm.cpp:[m[K In member function â€˜[01m[KEigen::Vector2d Robot_arm::solveSystem(double, double, double, double, double, double)[m[Kâ€™:
[01m[K/home/alessio/RobotProgrammingProject/project_workspace/src/nodes_package/src/Robot_arm.cpp:46:13:[m[K [01;31m[Kerror: [m[Kâ€˜[01m[Kl3[m[Kâ€™ was not declared in this scope; did you mean â€˜[01m[Kl1[m[Kâ€™?
   46 |     A << l2+[01;31m[Kl3[m[K*cosq3, -l3*sin(q3), l3*sin(q3), l2 + l3*cosq3;
      |             [01;31m[K^~[m[K
      |             [32m[Kl1[m[K
In file included from [01m[K/home/alessio/RobotProgrammingProject/project_workspace/src/nodes_package/src/sender.cpp:9[m[K:
[01m[K/home/alessio/RobotProgrammingProject/project_workspace/src/nodes_package/src/Robot_arm.cpp:[m[K In member function â€˜[01m[Kbool Robot_arm::analyticalInverseKinematics(double*, Eigen::Matrix<double, 4, 3>&)[m[Kâ€™:
[01m[K/home/alessio/RobotProgrammingProject/project_workspace/src/nodes_package/src/Robot_arm.cpp:59:5:[m[K [01;31m[Kerror: [m[Kâ€˜[01m[Kl3[m[Kâ€™ was not declared in this scope; did you mean â€˜[01m[Kl1[m[Kâ€™?
   59 |     [01;31m[Kl3[m[K = this->l3;
      |     [01;31m[K^~[m[K
      |     [32m[Kl1[m[K
[01m[K/home/alessio/RobotProgrammingProject/project_workspace/src/nodes_package/src/Robot_arm.cpp:59:16:[m[K [01;31m[Kerror: [m[Kâ€˜[01m[Kclass Robot_arm[m[Kâ€™ has no member named â€˜[01m[Kl3[m[Kâ€™; did you mean â€˜[01m[Kl1[m[Kâ€™?
   59 |     l3 = this->[01;31m[Kl3[m[K;
      |                [01;31m[K^~[m[K
      |                [32m[Kl1[m[K
make[2]: *** [CMakeFiles/sender.dir/build.make:63: CMakeFiles/sender.dir/src/sender.cpp.o] Error 1
make[1]: *** [CMakeFiles/Makefile2:165: CMakeFiles/sender.dir/all] Error 2
make: *** [Makefile:141: all] Error 2
