[01m[K/home/alessio/RobotProgrammingProject/project_workspace/src/nodes_package/src/sender.cpp:[m[K In function â€˜[01m[Kint main(int, char**)[m[Kâ€™:
[01m[K/home/alessio/RobotProgrammingProject/project_workspace/src/nodes_package/src/sender.cpp:59:14:[m[K [01;31m[Kerror: [m[Kjump to case label
   59 |       case (2[01;31m[K)[m[K:
      |              [01;31m[K^[m[K
[01m[K/home/alessio/RobotProgrammingProject/project_workspace/src/nodes_package/src/sender.cpp:50:26:[m[K [01;36m[Knote: [m[K  crosses initialization of â€˜[01m[Kstd_msgs::String msg[m[Kâ€™
   50 |         std_msgs::String [01;36m[Kmsg[m[K;
      |                          [01;36m[K^~~[m[K
[01m[K/home/alessio/RobotProgrammingProject/project_workspace/src/nodes_package/src/sender.cpp:62:14:[m[K [01;31m[Kerror: [m[Kjump to case label
   62 |       case (0[01;31m[K)[m[K:
      |              [01;31m[K^[m[K
[01m[K/home/alessio/RobotProgrammingProject/project_workspace/src/nodes_package/src/sender.cpp:50:26:[m[K [01;36m[Knote: [m[K  crosses initialization of â€˜[01m[Kstd_msgs::String msg[m[Kâ€™
   50 |         std_msgs::String [01;36m[Kmsg[m[K;
      |                          [01;36m[K^~~[m[K
make[2]: *** [CMakeFiles/sender.dir/build.make:63: CMakeFiles/sender.dir/src/sender.cpp.o] Error 1
make[1]: *** [CMakeFiles/Makefile2:165: CMakeFiles/sender.dir/all] Error 2
make: *** [Makefile:141: all] Error 2
