[01m[K/home/alessio/RobotProgrammingProject/project_workspace/src/nodes_package/src/sender.cpp:[m[K In function â€˜[01m[Kint main(int, char**)[m[Kâ€™:
[01m[K/home/alessio/RobotProgrammingProject/project_workspace/src/nodes_package/src/sender.cpp:201:3:[m[K [01;31m[Kerror: [m[Kâ€˜[01m[KRobot_arm[m[Kâ€™ was not declared in this scope; did you mean â€˜[01m[Krobot_arm[m[Kâ€™?
  201 |   [01;31m[KRobot_arm[m[K r;
      |   [01;31m[K^~~~~~~~~[m[K
      |   [32m[Krobot_arm[m[K
make[2]: *** [CMakeFiles/sender.dir/build.make:63: CMakeFiles/sender.dir/src/sender.cpp.o] Error 1
make[1]: *** [CMakeFiles/Makefile2:165: CMakeFiles/sender.dir/all] Error 2
make: *** [Makefile:141: all] Error 2
