[35m[1mScanning dependencies of target sender[0m
[ 50%] [32mBuilding CXX object CMakeFiles/sender.dir/src/sender.cpp.o[0m
[01m[K/home/alessio/RobotProgrammingProject/project_workspace/src/nodes_package/src/sender.cpp:[m[K In function â€˜[01m[Kint main(int, char**)[m[Kâ€™:
[01m[K/home/alessio/RobotProgrammingProject/project_workspace/src/nodes_package/src/sender.cpp:147:9:[m[K [01;31m[Kerror: [m[Kexpected initializer before â€˜[01m[Kcout[m[Kâ€™
  147 |         [01;31m[Kcout[m[K << "INVERSE KINEMATICS" << endl;
      |         [01;31m[K^~~~[m[K
[01m[K/home/alessio/RobotProgrammingProject/project_workspace/src/nodes_package/src/sender.cpp:150:16:[m[K [01;31m[Kerror: [m[Kâ€˜[01m[Kcoords[m[Kâ€™ was not declared in this scope
  150 |         cin >> [01;31m[Kcoords[m[K[0];
      |                [01;31m[K^~~~~~[m[K
make[2]: *** [CMakeFiles/sender.dir/build.make:63: CMakeFiles/sender.dir/src/sender.cpp.o] Error 1
make[1]: *** [CMakeFiles/Makefile2:165: CMakeFiles/sender.dir/all] Error 2
make: *** [Makefile:141: all] Error 2
